<?xml version="1.0" encoding="utf-8"?><testsuites name="pytest tests"><testsuite name="pytest" errors="0" failures="0" skipped="0" tests="5" time="1.130" timestamp="2026-08-17T14:51:49.012072+00:00" hostname="agent-env-13ce86cd-26a4-4deb-8f7c-b9280522c9ec"><testcase classname="tests.test_inquiries" name="test_root" time="0.280" /><testcase classname="tests.test_inquiries" name="test_create_inquiry_valid" time="0.126" /><testcase classname="tests.test_inquiries" name="test_create_inquiry_invalid_email" time="0.060" /><testcase classname="tests.test_inquiries" name="test_create_inquiry_missing_fields" time="0.061" /><testcase classname="tests.test_inquiries" name="test_list_inquiries" time="0.063" /></testsuite></testsuites>