<?xml version="1.0" encoding="utf-8"?><testsuites name="pytest tests"><testsuite name="pytest" errors="0" failures="0" skipped="0" tests="5" time="1.349" timestamp="2026-08-17T15:50:14.682898+00:00" hostname="agent-env-13ce86cd-26a4-4deb-8f7c-b9280522c9ec"><testcase classname="tests.test_inquiries" name="test_root" time="0.263" /><testcase classname="tests.test_inquiries" name="test_create_inquiry_valid" time="0.205" /><testcase classname="tests.test_inquiries" name="test_create_inquiry_invalid_email" time="0.103" /><testcase classname="tests.test_inquiries" name="test_create_inquiry_missing_fields" time="0.091" /><testcase classname="tests.test_inquiries" name="test_list_inquiries" time="0.083" /></testsuite></testsuites>